<?xml version="1.0" encoding="UTF-8"?>
<!-- Generated by org.testng.reporters.JUnitReportReporter -->
<testsuite hostname="MUM15122CPU2703" failures="0" tests="1" name="com.nmims.testCases.TC_001LoginPage" time="9.174" errors="0" timestamp="2023-10-07T17:32:49 IST" skipped="0">
  <testcase classname="com.nmims.testCases.TC_001LoginPage" name="loginTest" time="9.174"/>
</testsuite> <!-- com.nmims.testCases.TC_001LoginPage -->
